<?xml version="1.0" encoding="UTF-8"?>
<testng-results ignored="0" total="1" passed="1" failed="0" skipped="0">
  <reporter-output>
  </reporter-output>
  <suite started-at="2022-02-20T02:33:21 EST" name="Default suite" finished-at="2022-02-20T02:33:23 EST" duration-ms="2374">
    <groups>
    </groups>
    <test started-at="2022-02-20T02:33:21 EST" name="Default test" finished-at="2022-02-20T02:33:23 EST" duration-ms="2374">
      <class name="restAssured.getCallBDDFramework">
        <test-method signature="test_noofcircuits()[pri:0, instance:restAssured.getCallBDDFramework@3bf9ce3e]" started-at="2022-02-20T02:33:21 EST" name="test_noofcircuits" finished-at="2022-02-20T02:33:23 EST" duration-ms="2319" status="PASS">
          <reporter-output>
          </reporter-output>
        </test-method> <!-- test_noofcircuits -->
      </class> <!-- restAssured.getCallBDDFramework -->
    </test> <!-- Default test -->
  </suite> <!-- Default suite -->
</testng-results>
