<?xml version="1.0" encoding="UTF-8"?>
<testng-results ignored="0" total="2" passed="2" failed="0" skipped="0">
  <reporter-output>
  </reporter-output>
  <suite started-at="2022-02-20T05:09:27 EST" name="Suite" finished-at="2022-02-20T05:09:29 EST" duration-ms="2212">
    <groups>
    </groups>
    <test started-at="2022-02-20T05:09:27 EST" name="Test" finished-at="2022-02-20T05:09:29 EST" duration-ms="2212">
      <class name="restAssured.getCallBDDFramework">
        <test-method signature="test_noofcircuits()[pri:0, instance:restAssured.getCallBDDFramework@193f604a]" started-at="2022-02-20T05:09:27 EST" name="test_noofcircuits" finished-at="2022-02-20T05:09:29 EST" duration-ms="2171" status="PASS">
          <reporter-output>
          </reporter-output>
        </test-method> <!-- test_noofcircuits -->
      </class> <!-- restAssured.getCallBDDFramework -->
      <class name="restAssured.Welcome">
        <test-method signature="testmew()[pri:0, instance:restAssured.Welcome@3fb1549b]" started-at="2022-02-20T05:09:29 EST" name="testmew" finished-at="2022-02-20T05:09:29 EST" duration-ms="1" status="PASS">
          <reporter-output>
          </reporter-output>
        </test-method> <!-- testmew -->
      </class> <!-- restAssured.Welcome -->
    </test> <!-- Test -->
  </suite> <!-- Suite -->
</testng-results>
