<?xml version="1.0" encoding="UTF-8"?>
<testsuite xmlns:xsi="http://www.w3.org/2001/XMLSchema-instance" xsi:noNamespaceSchemaLocation="https://maven.apache.org/surefire/maven-surefire-plugin/xsd/surefire-test-report-3.0.xsd" version="3.0" name="TestSuite" time="2.717" tests="2" errors="0" skipped="0" failures="0">
  <properties>
[...]
</properties>
  <testcase name="test_noofcircuits" classname="restAssured.getCallBDDFramework" time="2.171">
    <system-out><![CDATA[200
]]></system-out>
    <system-err><![CDATA[log4j:WARN No appenders could be found for logger (org.testng.TestNG).
log4j:WARN Please initialize the log4j system properly.
]]></system-err>
  </testcase>
  <testcase name="testmew" classname="restAssured.Welcome" time="0.001">
    <system-out><![CDATA[SelvarajNarayanasamy
]]></system-out>
  </testcase>
</testsuite>